[LOG] SystemI::init                            : FMOD Studio Version: 00010813 (80479)
[LOG] SystemI::init                            : maxchannels = 1024, flags = 00030000, extradriverdata = 0000000000000000
[LOG] SystemI::close                           : 
[LOG] SystemI::close                           : Stop all sounds
[LOG] SystemI::close                           : done.

[LOG] OutputWASAPI::init                       : Mix Format (WAVEFORMATEX): wFormatTag=0xFFFE, nChannels=2, nSamplesPerSec=48000, nAvgBytesPerSec=384000, nBlockAlign=8, wBitsPerSample=32, cbSize=22.
[LOG] OutputWASAPI::init                       : Mix Format (WAVEFORMATEXTENSIBLE): wValidBitsPerSample=32, dwChannelMask=0x00000003, SubFormat=00000003-0000-0010-8000-00AA00389B71.
[LOG] OutputWASAPI::init                       : Output buffer size: 4096 samples, latency: 10.67ms, period: 10.00ms, DSP buffer: 1024 * 4
[LOG] Thread::initThread                       : Initializing FMOD mixer thread.  priority 3
[LOG] Thread::initThread                       : - Stacksize 49152.  Stack pointer 0000000000000000 : usesemaphore = 0 : sleeptime = 0
[LOG] Thread::callback                         : * FMOD mixer thread started
[LOG] SystemI::init                            : Set up emulated output
[LOG] SystemI::init                            : create the channel pool
[LOG] Thread::initThread                       : Initializing FMOD stream thread.  priority 2
[LOG] Thread::initThread                       : - Stacksize 65536.  Stack pointer 0000000000000000 : usesemaphore = 0 : sleeptime = 10
[LOG] Thread::callback                         : * FMOD stream thread started
[LOG] Thread::initThread                       : Initializing FMOD Studio update thread.  priority 0
[LOG] Thread::initThread                       : - Stacksize 65536.  Stack pointer 0000000000000000 : usesemaphore = 0 : sleeptime = 1
[LOG] Thread::callback                         : * FMOD Studio update thread started
[LOG] Thread::initThread                       : Initializing FMOD Studio sample load thread.  priority 0
[LOG] Thread::initThread                       : - Stacksize 65536.  Stack pointer 0000000000000000 : usesemaphore = 0 : sleeptime = 1
[LOG] Thread::callback                         : * FMOD Studio sample load thread started
[LOG] LiveUpdate::init                         : 
[LOG] Thread::initThread                       : Initializing FMOD Studio bank load thread.  priority 0
[LOG] Thread::initThread                       : - Stacksize 65536.  Stack pointer 0000000000000000 : usesemaphore = 0 : sleeptime = 1
[LOG] Thread::callback                         : * FMOD Studio bank load thread started
[LOG] Profile::init                            : Profiler listening on port: 9264
[LOG] Manager::readBank                        : fileversion = 78, compatVersion = 70 (oldest = 44, newest = 80)
[LOG] Manager::readBank                        : fileversion = 78, compatVersion = 70 (oldest = 44, newest = 80)
[LOG] PlaybackSystem::acquireMasterBus         : Setting master channel group format to 6
[LOG] SystemI::createSound                     : filename = Assets\Sons_FMOD\Projet_S2_FMOD\Build\Desktop/Master Bank.bank : mode 02010082
[LOG] SystemI::createSound                     : FMOD_NONBLOCKING specified.  Putting into queue to be opened asynchronously!
[LOG] Thread::initThread                       : Initializing FMOD nonblocking thread (0).  priority 1
[LOG] Thread::initThread                       : - Stacksize 81920.  Stack pointer 0000000000000000 : usesemaphore = 1 : sleeptime = 0
[LOG] Thread::callback                         : * FMOD nonblocking thread (0) started
[LOG] SystemI::createSound                     : setdata soundi = 00000000261362D8 : node = 000000002612D2A0
[LOG] SystemI::createSound                     : add node to async list : head = 0000000027FC1B98.  list count = 0
[LOG] SystemI::createSound                     : filename = Assets\Sons_FMOD\Projet_S2_FMOD\Build\Desktop/Master Bank.bank : mode 02010082
[LOG] SystemI::createSound                     : FMOD_NONBLOCKING specified.  Putting into queue to be opened asynchronously!
[LOG] SystemI::createSound                     : setdata soundi = 0000000026136138 : node = 000000002612D3F0
[LOG] SystemI::createSound                     : add node to async list : head = 0000000027FC1B98.  list count = 1
[LOG] SystemI::createSound                     : filename = Assets\Sons_FMOD\Projet_S2_FMOD\Build\Desktop/Master Bank.bank : mode 02010082
[LOG] SystemI::createSound                     : FMOD_NONBLOCKING specified.  Putting into queue to be opened asynchronously!
[LOG] SystemI::createSound                     : setdata soundi = 00000000261367B8 : node = 000000002612D540
[LOG] SystemI::createSound                     : add node to async list : head = 0000000027FC1B98.  list count = 2
[LOG] SystemI::createSoundInternal             : filename =  : mode 02000202
[LOG] SystemI::createSoundInternal             : exinfo->cbsize             = 232
[LOG] SystemI::createSoundInternal             : exinfo->length             = 2417600
[LOG] SystemI::createSoundInternal             : exinfo->fileoffset         = 27776
[LOG] SystemI::createSoundInternal             : exinfo->numsubsounds       = 1
[LOG] SystemI::createSoundInternal             : exinfo->inclusionlist      = 000000004BD8FB38
[LOG] SystemI::createSoundInternal             : exinfo->inclusionlistnum   = 1
[LOG] SystemI::createSoundInternal             : exinfo->suggestedsoundtype = 5
[LOG] SystemI::createSoundInternal             : exinfo->useropen           = 000007FEDB284C00
[LOG] SystemI::createSoundInternal             : exinfo->userclose          = 000007FEDB284BD0
[LOG] SystemI::createSoundInternal             : exinfo->userread           = 000007FEDB284CD0
[LOG] SystemI::createSoundInternal             : exinfo->userseek           = 000007FEDB284D80
[LOG] SystemI::createSoundInternal             : exinfo->fileuserdata       = 0000000026352EF8
[LOG] SystemI::createSoundInternal             : exinfo->initialseekpostype = 1
[LOG] SystemI::createSoundInternal             : Format has 1 subsounds.
[LOG] SystemI::createSoundInternal             : Create as FMOD_CREATESAMPLE
[LOG] SystemI::createSoundInternal             : Multi-sample sound (1 subsounds), create a sample container.
[LOG] SystemI::createSoundInternal             : creating subsound 0/1
[LOG] SystemI::createSample                    : mode 02000202 length 24000 samples, lengthbytes 4960
[LOG] SystemI::createSample                    : channels = 2
[LOG] SystemI::createSample                    : output = 0000000026272C78
[LOG] OutputSoftware::createSample             : lengthpcm 24000, lengthbytes 4960, channels 2, format 2, freq 48000, mode 0200020a
[LOG] SystemI::createSoundInternal             : No name found in file, use filename.
[LOG] SystemI::createSoundInternal             : done.  OpenState now = FMOD_OPENSTATE_READY.

[LOG] SystemI::createSoundInternal             : filename =  : mode 02000202
[LOG] SystemI::createSoundInternal             : exinfo->cbsize             = 232
[LOG] SystemI::createSoundInternal             : exinfo->length             = 2417600
[LOG] SystemI::createSoundInternal             : exinfo->fileoffset         = 27776
[LOG] SystemI::createSoundInternal             : exinfo->numsubsounds       = 1
[LOG] SystemI::createSoundInternal             : exinfo->inclusionlist      = 000000004BD8FB38
[LOG] SystemI::createSoundInternal             : exinfo->inclusionlistnum   = 1
[LOG] SystemI::createSoundInternal             : exinfo->suggestedsoundtype = 5
[LOG] SystemI::createSoundInternal             : exinfo->useropen           = 000007FEDB284C00
[LOG] SystemI::createSoundInternal             : exinfo->userclose          = 000007FEDB284BD0
[LOG] SystemI::createSoundInternal             : exinfo->userread           = 000007FEDB284CD0
[LOG] SystemI::createSoundInternal             : exinfo->userseek           = 000007FEDB284D80
[LOG] SystemI::createSoundInternal             : exinfo->fileuserdata       = 0000000026352EF8
[LOG] SystemI::createSoundInternal             : exinfo->initialseekpostype = 1
[LOG] SystemI::createSoundInternal             : Format has 1 subsounds.
[LOG] SystemI::createSoundInternal             : Create as FMOD_CREATESAMPLE
[LOG] SystemI::createSoundInternal             : Multi-sample sound (1 subsounds), create a sample container.
[LOG] SystemI::createSoundInternal             : creating subsound 0/1
[LOG] SystemI::createSample                    : mode 02000202 length 48000 samples, lengthbytes 9664
[LOG] SystemI::createSample                    : channels = 2
[LOG] SystemI::createSample                    : output = 0000000026272C78
[LOG] OutputSoftware::createSample             : lengthpcm 48000, lengthbytes 9664, channels 2, format 2, freq 48000, mode 0200020a
[LOG] SystemI::createSoundInternal             : No name found in file, use filename.
[LOG] SystemI::createSoundInternal             : done.  OpenState now = FMOD_OPENSTATE_READY.

[LOG] SystemI::createSoundInternal             : filename =  : mode 02000202
[LOG] SystemI::createSoundInternal             : exinfo->cbsize             = 232
[LOG] SystemI::createSoundInternal             : exinfo->length             = 2417600
[LOG] SystemI::createSoundInternal             : exinfo->fileoffset         = 27776
[LOG] SystemI::createSoundInternal             : exinfo->numsubsounds       = 1
[LOG] SystemI::createSoundInternal             : exinfo->inclusionlist      = 000000004BD8FB38
[LOG] SystemI::createSoundInternal             : exinfo->inclusionlistnum   = 1
[LOG] SystemI::createSoundInternal             : exinfo->suggestedsoundtype = 5
[LOG] SystemI::createSoundInternal             : exinfo->useropen           = 000007FEDB284C00
[LOG] SystemI::createSoundInternal             : exinfo->userclose          = 000007FEDB284BD0
[LOG] SystemI::createSoundInternal             : exinfo->userread           = 000007FEDB284CD0
[LOG] SystemI::createSoundInternal             : exinfo->userseek           = 000007FEDB284D80
[LOG] SystemI::createSoundInternal             : exinfo->fileuserdata       = 0000000026352EF8
[LOG] SystemI::createSoundInternal             : exinfo->initialseekpostype = 1
[LOG] SystemI::createSoundInternal             : Format has 1 subsounds.
[LOG] SystemI::createSoundInternal             : Create as FMOD_CREATESAMPLE
[LOG] SystemI::createSoundInternal             : Multi-sample sound (1 subsounds), create a sample container.
[LOG] SystemI::createSoundInternal             : creating subsound 0/1
[LOG] SystemI::createSample                    : mode 02000202 length 26111 samples, lengthbytes 6880
[LOG] SystemI::createSample                    : channels = 2
[LOG] SystemI::createSample                    : output = 0000000026272C78
[LOG] OutputSoftware::createSample             : lengthpcm 26111, lengthbytes 6880, channels 2, format 2, freq 48000, mode 0200020a
[LOG] SystemI::createSoundInternal             : No name found in file, use filename.
[LOG] SystemI::createSoundInternal             : done.  OpenState now = FMOD_OPENSTATE_READY.

[LOG] SystemI::createSoundInternal             : filename =  : mode 02000202
[LOG] SystemI::createSoundInternal             : exinfo->cbsize             = 232
[LOG] SystemI::createSoundInternal             : exinfo->length             = 2417600
[LOG] SystemI::createSoundInternal             : exinfo->fileoffset         = 27776
[LOG] SystemI::createSoundInternal             : exinfo->numsubsounds       = 1
[LOG] SystemI::createSoundInternal             : exinfo->inclusionlist      = 000000004BD8FB38
[LOG] SystemI::createSoundInternal             : exinfo->inclusionlistnum   = 1
[LOG] SystemI::createSoundInternal             : exinfo->suggestedsoundtype = 5
[LOG] SystemI::createSoundInternal             : exinfo->useropen           = 000007FEDB284C00
[LOG] SystemI::createSoundInternal             : exinfo->userclose          = 000007FEDB284BD0
[LOG] SystemI::createSoundInternal             : exinfo->userread           = 000007FEDB284CD0
[LOG] SystemI::createSoundInternal             : exinfo->userseek           = 000007FEDB284D80
[LOG] SystemI::createSoundInternal             : exinfo->fileuserdata       = 0000000026352EF8
[LOG] SystemI::createSoundInternal             : exinfo->initialseekpostype = 1
[LOG] SystemI::createSoundInternal             : Format has 1 subsounds.
[LOG] SystemI::createSoundInternal             : Create as FMOD_CREATESAMPLE
[LOG] SystemI::createSoundInternal             : Multi-sample sound (1 subsounds), create a sample container.
[LOG] SystemI::createSoundInternal             : creating subsound 0/1
[LOG] SystemI::createSample                    : mode 02000202 length 41972 samples, lengthbytes 10752
[LOG] SystemI::createSample                    : channels = 2
[LOG] SystemI::createSample                    : output = 0000000026272C78
[LOG] OutputSoftware::createSample             : lengthpcm 41972, lengthbytes 10752, channels 2, format 2, freq 48000, mode 0200020a
[LOG] SystemI::createSoundInternal             : No name found in file, use filename.
[LOG] SystemI::createSoundInternal             : done.  OpenState now = FMOD_OPENSTATE_READY.

[LOG] SystemI::createSoundInternal             : filename =  : mode 02000202
[LOG] SystemI::createSoundInternal             : exinfo->cbsize             = 232
[LOG] SystemI::createSoundInternal             : exinfo->length             = 2417600
[LOG] SystemI::createSoundInternal             : exinfo->fileoffset         = 27776
[LOG] SystemI::createSoundInternal             : exinfo->numsubsounds       = 1
[LOG] SystemI::createSoundInternal             : exinfo->inclusionlist      = 000000004BD8FB38
[LOG] SystemI::createSoundInternal             : exinfo->inclusionlistnum   = 1
[LOG] SystemI::createSoundInternal             : exinfo->suggestedsoundtype = 5
[LOG] SystemI::createSoundInternal             : exinfo->useropen           = 000007FEDB284C00
[LOG] SystemI::createSoundInternal             : exinfo->userclose          = 000007FEDB284BD0
[LOG] SystemI::createSoundInternal             : exinfo->userread           = 000007FEDB284CD0
[LOG] SystemI::createSoundInternal             : exinfo->userseek           = 000007FEDB284D80
[LOG] SystemI::createSoundInternal             : exinfo->fileuserdata       = 0000000026352EF8
[LOG] SystemI::createSoundInternal             : exinfo->initialseekpostype = 1
[LOG] SystemI::createSoundInternal             : Format has 1 subsounds.
[LOG] SystemI::createSoundInternal             : Create as FMOD_CREATESAMPLE
[LOG] SystemI::createSoundInternal             : Multi-sample sound (1 subsounds), create a sample container.
[LOG] SystemI::createSoundInternal             : creating subsound 0/1
[LOG] SystemI::createSample                    : mode 02000202 length 41862 samples, lengthbytes 10752
[LOG] SystemI::createSample                    : channels = 2
[LOG] SystemI::createSample                    : output = 0000000026272C78
[LOG] OutputSoftware::createSample             : lengthpcm 41862, lengthbytes 10752, channels 2, format 2, freq 48000, mode 0200020a
[LOG] SystemI::createSoundInternal             : No name found in file, use filename.
[LOG] SystemI::createSoundInternal             : done.  OpenState now = FMOD_OPENSTATE_READY.

[LOG] SystemI::createSoundInternal             : filename =  : mode 02000202
[LOG] SystemI::createSoundInternal             : exinfo->cbsize             = 232
[LOG] SystemI::createSoundInternal             : exinfo->length             = 2417600
[LOG] SystemI::createSoundInternal             : exinfo->fileoffset         = 27776
[LOG] SystemI::createSoundInternal             : exinfo->numsubsounds       = 1
[LOG] SystemI::createSoundInternal             : exinfo->inclusionlist      = 000000004BD8FB38
[LOG] SystemI::createSoundInternal             : exinfo->inclusionlistnum   = 1
[LOG] SystemI::createSoundInternal             : exinfo->suggestedsoundtype = 5
[LOG] SystemI::createSoundInternal             : exinfo->useropen           = 000007FEDB284C00
[LOG] SystemI::createSoundInternal             : exinfo->userclose          = 000007FEDB284BD0
[LOG] SystemI::createSoundInternal             : exinfo->userread           = 000007FEDB284CD0
[LOG] SystemI::createSoundInternal             : exinfo->userseek           = 000007FEDB284D80
[LOG] SystemI::createSoundInternal             : exinfo->fileuserdata       = 0000000026352EF8
[LOG] SystemI::createSoundInternal             : exinfo->initialseekpostype = 1
[LOG] SystemI::createSoundInternal             : Format has 1 subsounds.
[LOG] SystemI::createSoundInternal             : Create as FMOD_CREATESAMPLE
[LOG] SystemI::createSoundInternal             : Multi-sample sound (1 subsounds), create a sample container.
[LOG] SystemI::createSoundInternal             : creating subsound 0/1
[LOG] SystemI::createSample                    : mode 02000202 length 48000 samples, lengthbytes 8352
[LOG] SystemI::createSample                    : channels = 2
[LOG] SystemI::createSample                    : output = 0000000026272C78
[LOG] OutputSoftware::createSample             : lengthpcm 48000, lengthbytes 8352, channels 2, format 2, freq 48000, mode 0200020a
[LOG] SystemI::createSoundInternal             : No name found in file, use filename.
[LOG] SystemI::createSoundInternal             : done.  OpenState now = FMOD_OPENSTATE_READY.

[LOG] SystemI::createSoundInternal             : filename =  : mode 02000202
[LOG] SystemI::createSoundInternal             : exinfo->cbsize             = 232
[LOG] SystemI::createSoundInternal             : exinfo->length             = 2417600
[LOG] SystemI::createSoundInternal             : exinfo->fileoffset         = 27776
[LOG] SystemI::createSoundInternal             : exinfo->numsubsounds       = 1
[LOG] SystemI::createSoundInternal             : exinfo->inclusionlist      = 000000004BD8FB38
[LOG] SystemI::createSoundInternal             : exinfo->inclusionlistnum   = 1
[LOG] SystemI::createSoundInternal             : exinfo->suggestedsoundtype = 5
[LOG] SystemI::createSoundInternal             : exinfo->useropen           = 000007FEDB284C00
[LOG] SystemI::createSoundInternal             : exinfo->userclose          = 000007FEDB284BD0
[LOG] SystemI::createSoundInternal             : exinfo->userread           = 000007FEDB284CD0
[LOG] SystemI::createSoundInternal             : exinfo->userseek           = 000007FEDB284D80
[LOG] SystemI::createSoundInternal             : exinfo->fileuserdata       = 0000000026352EF8
[LOG] SystemI::createSoundInternal             : exinfo->initialseekpostype = 1
[LOG] SystemI::createSoundInternal             : Format has 1 subsounds.
[LOG] SystemI::createSoundInternal             : Create as FMOD_CREATESAMPLE
[LOG] SystemI::createSoundInternal             : Multi-sample sound (1 subsounds), create a sample container.
[LOG] SystemI::createSoundInternal             : creating subsound 0/1
[LOG] SystemI::createSample                    : mode 02000202 length 18560 samples, lengthbytes 3680
[LOG] SystemI::createSample                    : channels = 2
[LOG] SystemI::createSample                    : output = 0000000026272C78
[LOG] OutputSoftware::createSample             : lengthpcm 18560, lengthbytes 3680, channels 2, format 2, freq 48000, mode 0200020a
[LOG] SystemI::createSoundInternal             : No name found in file, use filename.
[LOG] SystemI::createSoundInternal             : done.  OpenState now = FMOD_OPENSTATE_READY.

[LOG] SystemI::createSoundInternal             : filename =  : mode 02000202
[LOG] SystemI::createSoundInternal             : exinfo->cbsize             = 232
[LOG] SystemI::createSoundInternal             : exinfo->length             = 2417600
[LOG] SystemI::createSoundInternal             : exinfo->fileoffset         = 27776
[LOG] SystemI::createSoundInternal             : exinfo->numsubsounds       = 1
[LOG] SystemI::createSoundInternal             : exinfo->inclusionlist      = 000000004BD8FB38
[LOG] SystemI::createSoundInternal             : exinfo->inclusionlistnum   = 1
[LOG] SystemI::createSoundInternal             : exinfo->suggestedsoundtype = 5
[LOG] SystemI::createSoundInternal             : exinfo->useropen           = 000007FEDB284C00
[LOG] SystemI::createSoundInternal             : exinfo->userclose          = 000007FEDB284BD0
[LOG] SystemI::createSoundInternal             : exinfo->userread           = 000007FEDB284CD0
[LOG] SystemI::createSoundInternal             : exinfo->userseek           = 000007FEDB284D80
[LOG] SystemI::createSoundInternal             : exinfo->fileuserdata       = 0000000026352EF8
[LOG] SystemI::createSoundInternal             : exinfo->initialseekpostype = 1
[LOG] SystemI::createSoundInternal             : Format has 1 subsounds.
[LOG] SystemI::createSoundInternal             : Create as FMOD_CREATESAMPLE
[LOG] SystemI::createSoundInternal             : Multi-sample sound (1 subsounds), create a sample container.
[LOG] SystemI::createSoundInternal             : creating subsound 0/1
[LOG] SystemI::createSample                    : mode 02000202 length 48000 samples, lengthbytes 8640
[LOG] SystemI::createSample                    : channels = 2
[LOG] SystemI::createSample                    : output = 0000000026272C78
[LOG] OutputSoftware::createSample             : lengthpcm 48000, lengthbytes 8640, channels 2, format 2, freq 48000, mode 0200020a
[LOG] SystemI::createSoundInternal             : No name found in file, use filename.
[LOG] SystemI::createSoundInternal             : done.  OpenState now = FMOD_OPENSTATE_READY.

[LOG] SystemI::createSoundInternal             : filename =  : mode 02000202
[LOG] SystemI::createSoundInternal             : exinfo->cbsize             = 232
[LOG] SystemI::createSoundInternal             : exinfo->length             = 2417600
[LOG] SystemI::createSoundInternal             : exinfo->fileoffset         = 27776
[LOG] SystemI::createSoundInternal             : exinfo->numsubsounds       = 1
[LOG] SystemI::createSoundInternal             : exinfo->inclusionlist      = 000000004BD8FB38
[LOG] SystemI::createSoundInternal             : exinfo->inclusionlistnum   = 1
[LOG] SystemI::createSoundInternal             : exinfo->suggestedsoundtype = 5
[LOG] SystemI::createSoundInternal             : exinfo->useropen           = 000007FEDB284C00
[LOG] SystemI::createSoundInternal             : exinfo->userclose          = 000007FEDB284BD0
[LOG] SystemI::createSoundInternal             : exinfo->userread           = 000007FEDB284CD0
[LOG] SystemI::createSoundInternal             : exinfo->userseek           = 000007FEDB284D80
[LOG] SystemI::createSoundInternal             : exinfo->fileuserdata       = 0000000026352EF8
[LOG] SystemI::createSoundInternal             : exinfo->initialseekpostype = 1
[LOG] SystemI::createSoundInternal             : Format has 1 subsounds.
[LOG] SystemI::createSoundInternal             : Create as FMOD_CREATESAMPLE
[LOG] SystemI::createSoundInternal             : Multi-sample sound (1 subsounds), create a sample container.
[LOG] SystemI::createSoundInternal             : creating subsound 0/1
[LOG] SystemI::createSample                    : mode 02000202 length 48000 samples, lengthbytes 6656
[LOG] SystemI::createSample                    : channels = 2
[LOG] SystemI::createSample                    : output = 0000000026272C78
[LOG] OutputSoftware::createSample             : lengthpcm 48000, lengthbytes 6656, channels 2, format 2, freq 48000, mode 0200020a
[LOG] SystemI::createSoundInternal             : No name found in file, use filename.
[LOG] SystemI::createSoundInternal             : done.  OpenState now = FMOD_OPENSTATE_READY.

[LOG] SystemI::createSoundInternal             : filename =  : mode 02000202
[LOG] SystemI::createSoundInternal             : exinfo->cbsize             = 232
[LOG] SystemI::createSoundInternal             : exinfo->length             = 2417600
[LOG] SystemI::createSoundInternal             : exinfo->fileoffset         = 27776
[LOG] SystemI::createSoundInternal             : exinfo->numsubsounds       = 1
[LOG] SystemI::createSoundInternal             : exinfo->inclusionlist      = 000000004BD8FB38
[LOG] SystemI::createSoundInternal             : exinfo->inclusionlistnum   = 1
[LOG] SystemI::createSoundInternal             : exinfo->suggestedsoundtype = 5
[LOG] SystemI::createSoundInternal             : exinfo->useropen           = 000007FEDB284C00
[LOG] SystemI::createSoundInternal             : exinfo->userclose          = 000007FEDB284BD0
[LOG] SystemI::createSoundInternal             : exinfo->userread           = 000007FEDB284CD0
[LOG] SystemI::createSoundInternal             : exinfo->userseek           = 000007FEDB284D80
[LOG] SystemI::createSoundInternal             : exinfo->fileuserdata       = 0000000026352EF8
[LOG] SystemI::createSoundInternal             : exinfo->initialseekpostype = 1
[LOG] SystemI::createSoundInternal             : Format has 1 subsounds.
[LOG] SystemI::createSoundInternal             : Create as FMOD_CREATESAMPLE
[LOG] SystemI::createSoundInternal             : Multi-sample sound (1 subsounds), create a sample container.
[LOG] SystemI::createSoundInternal             : creating subsound 0/1
[LOG] SystemI::createSample                    : mode 02000202 length 18560 samples, lengthbytes 4032
[LOG] SystemI::createSample                    : channels = 2
[LOG] SystemI::createSample                    : output = 0000000026272C78
[LOG] OutputSoftware::createSample             : lengthpcm 18560, lengthbytes 4032, channels 2, format 2, freq 48000, mode 0200020a
[LOG] SystemI::createSoundInternal             : No name found in file, use filename.
[LOG] SystemI::createSoundInternal             : done.  OpenState now = FMOD_OPENSTATE_READY.

[LOG] SystemI::createSoundInternal             : filename =  : mode 02000202
[LOG] SystemI::createSoundInternal             : exinfo->cbsize             = 232
[LOG] SystemI::createSoundInternal             : exinfo->length             = 2417600
[LOG] SystemI::createSoundInternal             : exinfo->fileoffset         = 27776
[LOG] SystemI::createSoundInternal             : exinfo->numsubsounds       = 1
[LOG] SystemI::createSoundInternal             : exinfo->inclusionlist      = 000000004BD8FB38
[LOG] SystemI::createSoundInternal             : exinfo->inclusionlistnum   = 1
[LOG] SystemI::createSoundInternal             : exinfo->suggestedsoundtype = 5
[LOG] SystemI::createSoundInternal             : exinfo->useropen           = 000007FEDB284C00
[LOG] SystemI::createSoundInternal             : exinfo->userclose          = 000007FEDB284BD0
[LOG] SystemI::createSoundInternal             : exinfo->userread           = 000007FEDB284CD0
[LOG] SystemI::createSoundInternal             : exinfo->userseek           = 000007FEDB284D80
[LOG] SystemI::createSoundInternal             : exinfo->fileuserdata       = 0000000026352EF8
[LOG] SystemI::createSoundInternal             : exinfo->initialseekpostype = 1
[LOG] SystemI::createSoundInternal             : Format has 1 subsounds.
[LOG] SystemI::createSoundInternal             : Create as FMOD_CREATESAMPLE
[LOG] SystemI::createSoundInternal             : Multi-sample sound (1 subsounds), create a sample container.
[LOG] SystemI::createSoundInternal             : creating subsound 0/1
[LOG] SystemI::createSample                    : mode 02000202 length 38036 samples, lengthbytes 7072
[LOG] SystemI::createSample                    : channels = 1
[LOG] SystemI::createSample                    : output = 0000000026272C78
[LOG] OutputSoftware::createSample             : lengthpcm 38036, lengthbytes 7072, channels 1, format 2, freq 48000, mode 0200020a
[LOG] SystemI::createSoundInternal             : No name found in file, use filename.
[LOG] SystemI::createSoundInternal             : done.  OpenState now = FMOD_OPENSTATE_READY.

[LOG] SystemI::createSoundInternal             : filename =  : mode 02000202
[LOG] SystemI::createSoundInternal             : exinfo->cbsize             = 232
[LOG] SystemI::createSoundInternal             : exinfo->length             = 2417600
[LOG] SystemI::createSoundInternal             : exinfo->fileoffset         = 27776
[LOG] SystemI::createSoundInternal             : exinfo->numsubsounds       = 1
[LOG] SystemI::createSoundInternal             : exinfo->inclusionlist      = 000000004BD8FB38
[LOG] SystemI::createSoundInternal             : exinfo->inclusionlistnum   = 1
[LOG] SystemI::createSoundInternal             : exinfo->suggestedsoundtype = 5
[LOG] SystemI::createSoundInternal             : exinfo->useropen           = 000007FEDB284C00
[LOG] SystemI::createSoundInternal             : exinfo->userclose          = 000007FEDB284BD0
[LOG] SystemI::createSoundInternal             : exinfo->userread           = 000007FEDB284CD0
[LOG] SystemI::createSoundInternal             : exinfo->userseek           = 000007FEDB284D80
[LOG] SystemI::createSoundInternal             : exinfo->fileuserdata       = 0000000026352EF8
[LOG] SystemI::createSoundInternal             : exinfo->initialseekpostype = 1
[LOG] SystemI::createSoundInternal             : Format has 1 subsounds.
[LOG] SystemI::createSoundInternal             : Create as FMOD_CREATESAMPLE
[LOG] SystemI::createSoundInternal             : Multi-sample sound (1 subsounds), create a sample container.
[LOG] SystemI::createSoundInternal             : creating subsound 0/1
[LOG] SystemI::createSample                    : mode 02000202 length 18560 samples, lengthbytes 4032
[LOG] SystemI::createSample                    : channels = 2
[LOG] SystemI::createSample                    : output = 0000000026272C78
[LOG] OutputSoftware::createSample             : lengthpcm 18560, lengthbytes 4032, channels 2, format 2, freq 48000, mode 0200020a
[LOG] SystemI::createSoundInternal             : No name found in file, use filename.
[LOG] SystemI::createSoundInternal             : done.  OpenState now = FMOD_OPENSTATE_READY.

[LOG] SystemI::createSoundInternal             : filename =  : mode 02000202
[LOG] SystemI::createSoundInternal             : exinfo->cbsize             = 232
[LOG] SystemI::createSoundInternal             : exinfo->length             = 2417600
[LOG] SystemI::createSoundInternal             : exinfo->fileoffset         = 27776
[LOG] SystemI::createSoundInternal             : exinfo->numsubsounds       = 1
[LOG] SystemI::createSoundInternal             : exinfo->inclusionlist      = 000000004BD8FB38
[LOG] SystemI::createSoundInternal             : exinfo->inclusionlistnum   = 1
[LOG] SystemI::createSoundInternal             : exinfo->suggestedsoundtype = 5
[LOG] SystemI::createSoundInternal             : exinfo->useropen           = 000007FEDB284C00
[LOG] SystemI::createSoundInternal             : exinfo->userclose          = 000007FEDB284BD0
[LOG] SystemI::createSoundInternal             : exinfo->userread           = 000007FEDB284CD0
[LOG] SystemI::createSoundInternal             : exinfo->userseek           = 000007FEDB284D80
[LOG] SystemI::createSoundInternal             : exinfo->fileuserdata       = 0000000026352EF8
[LOG] SystemI::createSoundInternal             : exinfo->initialseekpostype = 1
[LOG] SystemI::createSoundInternal             : Format has 1 subsounds.
[LOG] SystemI::createSoundInternal             : Create as FMOD_CREATESAMPLE
[LOG] SystemI::createSoundInternal             : Multi-sample sound (1 subsounds), create a sample container.
[LOG] SystemI::createSoundInternal             : creating subsound 0/1
[LOG] SystemI::createSample                    : mode 02000202 length 41692 samples, lengthbytes 11136
[LOG] SystemI::createSample                    : channels = 2
[LOG] SystemI::createSample                    : output = 0000000026272C78
[LOG] OutputSoftware::createSample             : lengthpcm 41692, lengthbytes 11136, channels 2, format 2, freq 48000, mode 0200020a
[LOG] SystemI::createSoundInternal             : No name found in file, use filename.
[LOG] SystemI::createSoundInternal             : done.  OpenState now = FMOD_OPENSTATE_READY.

[LOG] SystemI::createSoundInternal             : filename =  : mode 02000202
[LOG] SystemI::createSoundInternal             : exinfo->cbsize             = 232
[LOG] SystemI::createSoundInternal             : exinfo->length             = 2417600
[LOG] SystemI::createSoundInternal             : exinfo->fileoffset         = 27776
[LOG] SystemI::createSoundInternal             : exinfo->numsubsounds       = 1
[LOG] SystemI::createSoundInternal             : exinfo->inclusionlist      = 000000004BD8FB38
[LOG] SystemI::createSoundInternal             : exinfo->inclusionlistnum   = 1
[LOG] SystemI::createSoundInternal             : exinfo->suggestedsoundtype = 5
[LOG] SystemI::createSoundInternal             : exinfo->useropen           = 000007FEDB284C00
[LOG] SystemI::createSoundInternal             : exinfo->userclose          = 000007FEDB284BD0
[LOG] SystemI::createSoundInternal             : exinfo->userread           = 000007FEDB284CD0
[LOG] SystemI::createSoundInternal             : exinfo->userseek           = 000007FEDB284D80
[LOG] SystemI::createSoundInternal             : exinfo->fileuserdata       = 0000000026352EF8
[LOG] SystemI::createSoundInternal             : exinfo->initialseekpostype = 1
[LOG] SystemI::createSoundInternal             : Format has 1 subsounds.
[LOG] SystemI::createSoundInternal             : Create as FMOD_CREATESAMPLE
[LOG] SystemI::createSoundInternal             : Multi-sample sound (1 subsounds), create a sample container.
[LOG] SystemI::createSoundInternal             : creating subsound 0/1
[LOG] SystemI::createSample                    : mode 02000202 length 24000 samples, lengthbytes 5344
[LOG] SystemI::createSample                    : channels = 2
[LOG] SystemI::createSample                    : output = 0000000026272C78
[LOG] OutputSoftware::createSample             : lengthpcm 24000, lengthbytes 5344, channels 2, format 2, freq 48000, mode 0200020a
[LOG] SystemI::createSoundInternal             : No name found in file, use filename.
[LOG] SystemI::createSoundInternal             : done.  OpenState now = FMOD_OPENSTATE_READY.

[LOG] SystemI::createSoundInternal             : filename =  : mode 02000202
[LOG] SystemI::createSoundInternal             : exinfo->cbsize             = 232
[LOG] SystemI::createSoundInternal             : exinfo->length             = 2417600
[LOG] SystemI::createSoundInternal             : exinfo->fileoffset         = 27776
[LOG] SystemI::createSoundInternal             : exinfo->numsubsounds       = 1
[LOG] SystemI::createSoundInternal             : exinfo->inclusionlist      = 000000004BD8FB38
[LOG] SystemI::createSoundInternal             : exinfo->inclusionlistnum   = 1
[LOG] SystemI::createSoundInternal             : exinfo->suggestedsoundtype = 5
[LOG] SystemI::createSoundInternal             : exinfo->useropen           = 000007FEDB284C00
[LOG] SystemI::createSoundInternal             : exinfo->userclose          = 000007FEDB284BD0
[LOG] SystemI::createSoundInternal             : exinfo->userread           = 000007FEDB284CD0
[LOG] SystemI::createSoundInternal             : exinfo->userseek           = 000007FEDB284D80
[LOG] SystemI::createSoundInternal             : exinfo->fileuserdata       = 0000000026352EF8
[LOG] SystemI::createSoundInternal             : exinfo->initialseekpostype = 1
[LOG] SystemI::createSoundInternal             : Format has 1 subsounds.
[LOG] SystemI::createSoundInternal             : Create as FMOD_CREATESAMPLE
[LOG] SystemI::createSoundInternal             : Multi-sample sound (1 subsounds), create a sample container.
[LOG] SystemI::createSoundInternal             : creating subsound 0/1
[LOG] SystemI::createSample                    : mode 02000202 length 18560 samples, lengthbytes 3552
[LOG] SystemI::createSample                    : channels = 2
[LOG] SystemI::createSample                    : output = 0000000026272C78
[LOG] OutputSoftware::createSample             : lengthpcm 18560, lengthbytes 3552, channels 2, format 2, freq 48000, mode 0200020a
[LOG] SystemI::createSoundInternal             : No name found in file, use filename.
[LOG] SystemI::createSoundInternal             : done.  OpenState now = FMOD_OPENSTATE_READY.

[LOG] SystemI::createSoundInternal             : filename =  : mode 02000202
[LOG] SystemI::createSoundInternal             : exinfo->cbsize             = 232
[LOG] SystemI::createSoundInternal             : exinfo->length             = 2417600
[LOG] SystemI::createSoundInternal             : exinfo->fileoffset         = 27776
[LOG] SystemI::createSoundInternal             : exinfo->numsubsounds       = 1
[LOG] SystemI::createSoundInternal             : exinfo->inclusionlist      = 000000004BD8FB38
[LOG] SystemI::createSoundInternal             : exinfo->inclusionlistnum   = 1
[LOG] SystemI::createSoundInternal             : exinfo->suggestedsoundtype = 5
[LOG] SystemI::createSoundInternal             : exinfo->useropen           = 000007FEDB284C00
[LOG] SystemI::createSoundInternal             : exinfo->userclose          = 000007FEDB284BD0
[LOG] SystemI::createSoundInternal             : exinfo->userread           = 000007FEDB284CD0
[LOG] SystemI::createSoundInternal             : exinfo->userseek           = 000007FEDB284D80
[LOG] SystemI::createSoundInternal             : exinfo->fileuserdata       = 0000000026352EF8
[LOG] SystemI::createSoundInternal             : exinfo->initialseekpostype = 1
[LOG] SystemI::createSoundInternal             : Format has 1 subsounds.
[LOG] SystemI::createSoundInternal             : Create as FMOD_CREATESAMPLE
[LOG] SystemI::createSoundInternal             : Multi-sample sound (1 subsounds), create a sample container.
[LOG] SystemI::createSoundInternal             : creating subsound 0/1
[LOG] SystemI::createSample                    : mode 02000202 length 24000 samples, lengthbytes 5344
[LOG] SystemI::createSample                    : channels = 2
[LOG] SystemI::createSample                    : output = 0000000026272C78
[LOG] OutputSoftware::createSample             : lengthpcm 24000, lengthbytes 5344, channels 2, format 2, freq 48000, mode 0200020a
[LOG] SystemI::createSoundInternal             : No name found in file, use filename.
[LOG] SystemI::createSoundInternal             : done.  OpenState now = FMOD_OPENSTATE_READY.

[LOG] SystemI::createSoundInternal             : filename =  : mode 02000202
[LOG] SystemI::createSoundInternal             : exinfo->cbsize             = 232
[LOG] SystemI::createSoundInternal             : exinfo->length             = 2417600
[LOG] SystemI::createSoundInternal             : exinfo->fileoffset         = 27776
[LOG] SystemI::createSoundInternal             : exinfo->numsubsounds       = 1
[LOG] SystemI::createSoundInternal             : exinfo->inclusionlist      = 000000004BD8FB38
[LOG] SystemI::createSoundInternal             : exinfo->inclusionlistnum   = 1
[LOG] SystemI::createSoundInternal             : exinfo->suggestedsoundtype = 5
[LOG] SystemI::createSoundInternal             : exinfo->useropen           = 000007FEDB284C00
[LOG] SystemI::createSoundInternal             : exinfo->userclose          = 000007FEDB284BD0
[LOG] SystemI::createSoundInternal             : exinfo->userread           = 000007FEDB284CD0
[LOG] SystemI::createSoundInternal             : exinfo->userseek           = 000007FEDB284D80
[LOG] SystemI::createSoundInternal             : exinfo->fileuserdata       = 0000000026352EF8
[LOG] SystemI::createSoundInternal             : exinfo->initialseekpostype = 1
[LOG] SystemI::createSoundInternal             : Format has 1 subsounds.
[LOG] SystemI::createSoundInternal             : Create as FMOD_CREATESAMPLE
[LOG] SystemI::createSoundInternal             : Multi-sample sound (1 subsounds), create a sample container.
[LOG] SystemI::createSoundInternal             : creating subsound 0/1
[LOG] SystemI::createSample                    : mode 02000202 length 84000 samples, lengthbytes 19488
[LOG] SystemI::createSample                    : channels = 2
[LOG] SystemI::createSample                    : output = 0000000026272C78
[LOG] OutputSoftware::createSample             : lengthpcm 84000, lengthbytes 19488, channels 2, format 2, freq 48000, mode 0200020a
[LOG] SystemI::createSoundInternal             : No name found in file, use filename.
[LOG] SystemI::createSoundInternal             : done.  OpenState now = FMOD_OPENSTATE_READY.

[LOG] SystemI::createSoundInternal             : filename =  : mode 02000202
[LOG] SystemI::createSoundInternal             : exinfo->cbsize             = 232
[LOG] SystemI::createSoundInternal             : exinfo->length             = 2417600
[LOG] SystemI::createSoundInternal             : exinfo->fileoffset         = 27776
[LOG] SystemI::createSoundInternal             : exinfo->numsubsounds       = 1
[LOG] SystemI::createSoundInternal             : exinfo->inclusionlist      = 000000004BD8FB38
[LOG] SystemI::createSoundInternal             : exinfo->inclusionlistnum   = 1
[LOG] SystemI::createSoundInternal             : exinfo->suggestedsoundtype = 5
[LOG] SystemI::createSoundInternal             : exinfo->useropen           = 000007FEDB284C00
[LOG] SystemI::createSoundInternal             : exinfo->userclose          = 000007FEDB284BD0
[LOG] SystemI::createSoundInternal             : exinfo->userread           = 000007FEDB284CD0
[LOG] SystemI::createSoundInternal             : exinfo->userseek           = 000007FEDB284D80
[LOG] SystemI::createSoundInternal             : exinfo->fileuserdata       = 0000000026352EF8
[LOG] SystemI::createSoundInternal             : exinfo->initialseekpostype = 1
[LOG] SystemI::createSoundInternal             : Format has 1 subsounds.
[LOG] SystemI::createSoundInternal             : Create as FMOD_CREATESAMPLE
[LOG] SystemI::createSoundInternal             : Multi-sample sound (1 subsounds), create a sample container.
[LOG] SystemI::createSoundInternal             : creating subsound 0/1
[LOG] SystemI::createSample                    : mode 02000202 length 18560 samples, lengthbytes 3840
[LOG] SystemI::createSample                    : channels = 2
[LOG] SystemI::createSample                    : output = 0000000026272C78
[LOG] OutputSoftware::createSample             : lengthpcm 18560, lengthbytes 3840, channels 2, format 2, freq 48000, mode 0200020a
[LOG] SystemI::createSoundInternal             : No name found in file, use filename.
[LOG] SystemI::createSoundInternal             : done.  OpenState now = FMOD_OPENSTATE_READY.

[LOG] SystemI::createSoundInternal             : filename =  : mode 02000202
[LOG] SystemI::createSoundInternal             : exinfo->cbsize             = 232
[LOG] SystemI::createSoundInternal             : exinfo->length             = 2417600
[LOG] SystemI::createSoundInternal             : exinfo->fileoffset         = 27776
[LOG] SystemI::createSoundInternal             : exinfo->numsubsounds       = 1
[LOG] SystemI::createSoundInternal             : exinfo->inclusionlist      = 000000004BD8FB38
[LOG] SystemI::createSoundInternal             : exinfo->inclusionlistnum   = 1
[LOG] SystemI::createSoundInternal             : exinfo->suggestedsoundtype = 5
[LOG] SystemI::createSoundInternal             : exinfo->useropen           = 000007FEDB284C00
[LOG] SystemI::createSoundInternal             : exinfo->userclose          = 000007FEDB284BD0
[LOG] SystemI::createSoundInternal             : exinfo->userread           = 000007FEDB284CD0
[LOG] SystemI::createSoundInternal             : exinfo->userseek           = 000007FEDB284D80
[LOG] SystemI::createSoundInternal             : exinfo->fileuserdata       = 0000000026352EF8
[LOG] SystemI::createSoundInternal             : exinfo->initialseekpostype = 1
[LOG] SystemI::createSoundInternal             : Format has 1 subsounds.
[LOG] SystemI::createSoundInternal             : Create as FMOD_CREATESAMPLE
[LOG] SystemI::createSoundInternal             : Multi-sample sound (1 subsounds), create a sample container.
[LOG] SystemI::createSoundInternal             : creating subsound 0/1
[LOG] SystemI::createSample                    : mode 02000202 length 40970 samples, lengthbytes 10592
[LOG] SystemI::createSample                    : channels = 2
[LOG] SystemI::createSample                    : output = 0000000026272C78
[LOG] OutputSoftware::createSample             : lengthpcm 40970, lengthbytes 10592, channels 2, format 2, freq 48000, mode 0200020a
[LOG] SystemI::createSoundInternal             : No name found in file, use filename.
[LOG] SystemI::createSoundInternal             : done.  OpenState now = FMOD_OPENSTATE_READY.

[LOG] SystemI::createSoundInternal             : filename =  : mode 02000202
[LOG] SystemI::createSoundInternal             : exinfo->cbsize             = 232
[LOG] SystemI::createSoundInternal             : exinfo->length             = 2417600
[LOG] SystemI::createSoundInternal             : exinfo->fileoffset         = 27776
[LOG] SystemI::createSoundInternal             : exinfo->numsubsounds       = 1
[LOG] SystemI::createSoundInternal             : exinfo->inclusionlist      = 000000004BD8FB38
[LOG] SystemI::createSoundInternal             : exinfo->inclusionlistnum   = 1
[LOG] SystemI::createSoundInternal             : exinfo->suggestedsoundtype = 5
[LOG] SystemI::createSoundInternal             : exinfo->useropen           = 000007FEDB284C00
[LOG] SystemI::createSoundInternal             : exinfo->userclose          = 000007FEDB284BD0
[LOG] SystemI::createSoundInternal             : exinfo->userread           = 000007FEDB284CD0
[LOG] SystemI::createSoundInternal             : exinfo->userseek           = 000007FEDB284D80
[LOG] SystemI::createSoundInternal             : exinfo->fileuserdata       = 0000000026352EF8
[LOG] SystemI::createSoundInternal             : exinfo->initialseekpostype = 1
[LOG] SystemI::createSoundInternal             : Format has 1 subsounds.
[LOG] SystemI::createSoundInternal             : Create as FMOD_CREATESAMPLE
[LOG] SystemI::createSoundInternal             : Multi-sample sound (1 subsounds), create a sample container.
[LOG] SystemI::createSoundInternal             : creating subsound 0/1
[LOG] SystemI::createSample                    : mode 02000202 length 32472 samples, lengthbytes 8896
[LOG] SystemI::createSample                    : channels = 2
[LOG] SystemI::createSample                    : output = 0000000026272C78
[LOG] OutputSoftware::createSample             : lengthpcm 32472, lengthbytes 8896, channels 2, format 2, freq 48000, mode 0200020a
[LOG] SystemI::createSoundInternal             : No name found in file, use filename.
[LOG] SystemI::createSoundInternal             : done.  OpenState now = FMOD_OPENSTATE_READY.

[LOG] SystemI::createSoundInternal             : filename =  : mode 02000202
[LOG] SystemI::createSoundInternal             : exinfo->cbsize             = 232
[LOG] SystemI::createSoundInternal             : exinfo->length             = 2417600
[LOG] SystemI::createSoundInternal             : exinfo->fileoffset         = 27776
[LOG] SystemI::createSoundInternal             : exinfo->numsubsounds       = 1
[LOG] SystemI::createSoundInternal             : exinfo->inclusionlist      = 000000004BD8FB38
[LOG] SystemI::createSoundInternal             : exinfo->inclusionlistnum   = 1
[LOG] SystemI::createSoundInternal             : exinfo->suggestedsoundtype = 5
[LOG] SystemI::createSoundInternal             : exinfo->useropen           = 000007FEDB284C00
[LOG] SystemI::createSoundInternal             : exinfo->userclose          = 000007FEDB284BD0
[LOG] SystemI::createSoundInternal             : exinfo->userread           = 000007FEDB284CD0
[LOG] SystemI::createSoundInternal             : exinfo->userseek           = 000007FEDB284D80
[LOG] SystemI::createSoundInternal             : exinfo->fileuserdata       = 0000000026352EF8
[LOG] SystemI::createSoundInternal             : exinfo->initialseekpostype = 1
[LOG] SystemI::createSoundInternal             : Format has 1 subsounds.
[LOG] SystemI::createSoundInternal             : Create as FMOD_CREATESAMPLE
[LOG] SystemI::createSoundInternal             : Multi-sample sound (1 subsounds), create a sample container.
[LOG] SystemI::createSoundInternal             : creating subsound 0/1
[LOG] SystemI::createSample                    : mode 02000202 length 24000 samples, lengthbytes 5440
[LOG] SystemI::createSample                    : channels = 2
[LOG] SystemI::createSample                    : output = 0000000026272C78
[LOG] OutputSoftware::createSample             : lengthpcm 24000, lengthbytes 5440, channels 2, format 2, freq 48000, mode 0200020a
[LOG] SystemI::createSoundInternal             : No name found in file, use filename.
[LOG] SystemI::createSoundInternal             : done.  OpenState now = FMOD_OPENSTATE_READY.

[LOG] SystemI::createSoundInternal             : filename =  : mode 02000202
[LOG] SystemI::createSoundInternal             : exinfo->cbsize             = 232
[LOG] SystemI::createSoundInternal             : exinfo->length             = 2417600
[LOG] SystemI::createSoundInternal             : exinfo->fileoffset         = 27776
[LOG] SystemI::createSoundInternal             : exinfo->numsubsounds       = 1
[LOG] SystemI::createSoundInternal             : exinfo->inclusionlist      = 000000004BD8FB38
[LOG] SystemI::createSoundInternal             : exinfo->inclusionlistnum   = 1
[LOG] SystemI::createSoundInternal             : exinfo->suggestedsoundtype = 5
[LOG] SystemI::createSoundInternal             : exinfo->useropen           = 000007FEDB284C00
[LOG] SystemI::createSoundInternal             : exinfo->userclose          = 000007FEDB284BD0
[LOG] SystemI::createSoundInternal             : exinfo->userread           = 000007FEDB284CD0
[LOG] SystemI::createSoundInternal             : exinfo->userseek           = 000007FEDB284D80
[LOG] SystemI::createSoundInternal             : exinfo->fileuserdata       = 0000000026352EF8
[LOG] SystemI::createSoundInternal             : exinfo->initialseekpostype = 1
[LOG] SystemI::createSoundInternal             : Format has 1 subsounds.
[LOG] SystemI::createSoundInternal             : Create as FMOD_CREATESAMPLE
[LOG] SystemI::createSoundInternal             : Multi-sample sound (1 subsounds), create a sample container.
[LOG] SystemI::createSoundInternal             : creating subsound 0/1
[LOG] SystemI::createSample                    : mode 02000202 length 106071 samples, lengthbytes 22048
[LOG] SystemI::createSample                    : channels = 2
[LOG] SystemI::createSample                    : output = 0000000026272C78
[LOG] OutputSoftware::createSample             : lengthpcm 106071, lengthbytes 22048, channels 2, format 2, freq 48000, mode 0200020a
[LOG] SystemI::createSoundInternal             : No name found in file, use filename.
[LOG] SystemI::createSoundInternal             : done.  OpenState now = FMOD_OPENSTATE_READY.

[LOG] SystemI::createSoundInternal             : filename =  : mode 02000202
[LOG] SystemI::createSoundInternal             : exinfo->cbsize             = 232
[LOG] SystemI::createSoundInternal             : exinfo->length             = 2417600
[LOG] SystemI::createSoundInternal             : exinfo->fileoffset         = 27776
[LOG] SystemI::createSoundInternal             : exinfo->numsubsounds       = 1
[LOG] SystemI::createSoundInternal             : exinfo->inclusionlist      = 000000004BD8FB38
[LOG] SystemI::createSoundInternal             : exinfo->inclusionlistnum   = 1
[LOG] SystemI::createSoundInternal             : exinfo->suggestedsoundtype = 5
[LOG] SystemI::createSoundInternal             : exinfo->useropen           = 000007FEDB284C00
[LOG] SystemI::createSoundInternal             : exinfo->userclose          = 000007FEDB284BD0
[LOG] SystemI::createSoundInternal             : exinfo->userread           = 000007FEDB284CD0
[LOG] SystemI::createSoundInternal             : exinfo->userseek           = 000007FEDB284D80
[LOG] SystemI::createSoundInternal             : exinfo->fileuserdata       = 0000000026352EF8
[LOG] SystemI::createSoundInternal             : exinfo->initialseekpostype = 1
[LOG] SystemI::createSoundInternal             : Format has 1 subsounds.
[LOG] SystemI::createSoundInternal             : Create as FMOD_CREATESAMPLE
[LOG] SystemI::createSoundInternal             : Multi-sample sound (1 subsounds), create a sample container.
[LOG] SystemI::createSoundInternal             : creating subsound 0/1
[LOG] SystemI::createSample                    : mode 02000202 length 21152 samples, lengthbytes 5760
[LOG] SystemI::createSample                    : channels = 2
[LOG] SystemI::createSample                    : output = 0000000026272C78
[LOG] OutputSoftware::createSample             : lengthpcm 21152, lengthbytes 5760, channels 2, format 2, freq 48000, mode 0200020a
[LOG] SystemI::createSoundInternal             : No name found in file, use filename.
[LOG] SystemI::createSoundInternal             : done.  OpenState now = FMOD_OPENSTATE_READY.

[LOG] SystemI::createSoundInternal             : filename =  : mode 02000202
[LOG] SystemI::createSoundInternal             : exinfo->cbsize             = 232
[LOG] SystemI::createSoundInternal             : exinfo->length             = 2417600
[LOG] SystemI::createSoundInternal             : exinfo->fileoffset         = 27776
[LOG] SystemI::createSoundInternal             : exinfo->numsubsounds       = 1
[LOG] SystemI::createSoundInternal             : exinfo->inclusionlist      = 000000004BD8FB38
[LOG] SystemI::createSoundInternal             : exinfo->inclusionlistnum   = 1
[LOG] SystemI::createSoundInternal             : exinfo->suggestedsoundtype = 5
[LOG] SystemI::createSoundInternal             : exinfo->useropen           = 000007FEDB284C00
[LOG] SystemI::createSoundInternal             : exinfo->userclose          = 000007FEDB284BD0
[LOG] SystemI::createSoundInternal             : exinfo->userread           = 000007FEDB284CD0
[LOG] SystemI::createSoundInternal             : exinfo->userseek           = 000007FEDB284D80
[LOG] SystemI::createSoundInternal             : exinfo->fileuserdata       = 0000000026352EF8
[LOG] SystemI::createSoundInternal             : exinfo->initialseekpostype = 1
[LOG] SystemI::createSoundInternal             : Format has 1 subsounds.
[LOG] SystemI::createSoundInternal             : Create as FMOD_CREATESAMPLE
[LOG] SystemI::createSoundInternal             : Multi-sample sound (1 subsounds), create a sample container.
[LOG] SystemI::createSoundInternal             : creating subsound 0/1
[LOG] SystemI::createSample                    : mode 02000202 length 24000 samples, lengthbytes 5088
[LOG] SystemI::createSample                    : channels = 2
[LOG] SystemI::createSample                    : output = 0000000026272C78
[LOG] OutputSoftware::createSample             : lengthpcm 24000, lengthbytes 5088, channels 2, format 2, freq 48000, mode 0200020a
[LOG] SystemI::createSoundInternal             : No name found in file, use filename.
[LOG] SystemI::createSoundInternal             : done.  OpenState now = FMOD_OPENSTATE_READY.

[LOG] SystemI::createSoundInternal             : filename =  : mode 02000202
[LOG] SystemI::createSoundInternal             : exinfo->cbsize             = 232
[LOG] SystemI::createSoundInternal             : exinfo->length             = 2417600
[LOG] SystemI::createSoundInternal             : exinfo->fileoffset         = 27776
[LOG] SystemI::createSoundInternal             : exinfo->numsubsounds       = 1
[LOG] SystemI::createSoundInternal             : exinfo->inclusionlist      = 000000004BD8FB38
[LOG] SystemI::createSoundInternal             : exinfo->inclusionlistnum   = 1
[LOG] SystemI::createSoundInternal             : exinfo->suggestedsoundtype = 5
[LOG] SystemI::createSoundInternal             : exinfo->useropen           = 000007FEDB284C00
[LOG] SystemI::createSoundInternal             : exinfo->userclose          = 000007FEDB284BD0
[LOG] SystemI::createSoundInternal             : exinfo->userread           = 000007FEDB284CD0
[LOG] SystemI::createSoundInternal             : exinfo->userseek           = 000007FEDB284D80
[LOG] SystemI::createSoundInternal             : exinfo->fileuserdata       = 0000000026352EF8
[LOG] SystemI::createSoundInternal             : exinfo->initialseekpostype = 1
[LOG] SystemI::createSoundInternal             : Format has 1 subsounds.
[LOG] SystemI::createSoundInternal             : Create as FMOD_CREATESAMPLE
[LOG] SystemI::createSoundInternal             : Multi-sample sound (1 subsounds), create a sample container.
[LOG] SystemI::createSoundInternal             : creating subsound 0/1
[LOG] SystemI::createSample                    : mode 02000202 length 35840 samples, lengthbytes 9312
[LOG] SystemI::createSample                    : channels = 2
[LOG] SystemI::createSample                    : output = 0000000026272C78
[LOG] OutputSoftware::createSample             : lengthpcm 35840, lengthbytes 9312, channels 2, format 2, freq 48000, mode 0200020a
[LOG] SystemI::createSoundInternal             : No name found in file, use filename.
[LOG] SystemI::createSoundInternal             : done.  OpenState now = FMOD_OPENSTATE_READY.

[LOG] SystemI::createSoundInternal             : filename =  : mode 02000202
[LOG] SystemI::createSoundInternal             : exinfo->cbsize             = 232
[LOG] SystemI::createSoundInternal             : exinfo->length             = 2417600
[LOG] SystemI::createSoundInternal             : exinfo->fileoffset         = 27776
[LOG] SystemI::createSoundInternal             : exinfo->numsubsounds       = 1
[LOG] SystemI::createSoundInternal             : exinfo->inclusionlist      = 000000004BD8FB38
[LOG] SystemI::createSoundInternal             : exinfo->inclusionlistnum   = 1
[LOG] SystemI::createSoundInternal             : exinfo->suggestedsoundtype = 5
[LOG] SystemI::createSoundInternal             : exinfo->useropen           = 000007FEDB284C00
[LOG] SystemI::createSoundInternal             : exinfo->userclose          = 000007FEDB284BD0
[LOG] SystemI::createSoundInternal             : exinfo->userread           = 000007FEDB284CD0
[LOG] SystemI::createSoundInternal             : exinfo->userseek           = 000007FEDB284D80
[LOG] SystemI::createSoundInternal             : exinfo->fileuserdata       = 0000000026352EF8
[LOG] SystemI::createSoundInternal             : exinfo->initialseekpostype = 1
[LOG] SystemI::createSoundInternal             : Format has 1 subsounds.
[LOG] SystemI::createSoundInternal             : Create as FMOD_CREATESAMPLE
[LOG] SystemI::createSoundInternal             : Multi-sample sound (1 subsounds), create a sample container.
[LOG] SystemI::createSoundInternal             : creating subsound 0/1
[LOG] SystemI::createSample                    : mode 02000202 length 53502 samples, lengthbytes 14176
[LOG] SystemI::createSample                    : channels = 2
[LOG] SystemI::createSample                    : output = 0000000026272C78
[LOG] OutputSoftware::createSample             : lengthpcm 53502, lengthbytes 14176, channels 2, format 2, freq 48000, mode 0200020a
[LOG] SystemI::createSoundInternal             : No name found in file, use filename.
[LOG] SystemI::createSoundInternal             : done.  OpenState now = FMOD_OPENSTATE_READY.

[LOG] SystemI::createSoundInternal             : filename =  : mode 02000202
[LOG] SystemI::createSoundInternal             : exinfo->cbsize             = 232
[LOG] SystemI::createSoundInternal             : exinfo->length             = 2417600
[LOG] SystemI::createSoundInternal             : exinfo->fileoffset         = 27776
[LOG] SystemI::createSoundInternal             : exinfo->numsubsounds       = 1
[LOG] SystemI::createSoundInternal             : exinfo->inclusionlist      = 000000004BD8FB38
[LOG] SystemI::createSoundInternal             : exinfo->inclusionlistnum   = 1
[LOG] SystemI::createSoundInternal             : exinfo->suggestedsoundtype = 5
[LOG] SystemI::createSoundInternal             : exinfo->useropen           = 000007FEDB284C00
[LOG] SystemI::createSoundInternal             : exinfo->userclose          = 000007FEDB284BD0
[LOG] SystemI::createSoundInternal             : exinfo->userread           = 000007FEDB284CD0
[LOG] SystemI::createSoundInternal             : exinfo->userseek           = 000007FEDB284D80
[LOG] SystemI::createSoundInternal             : exinfo->fileuserdata       = 0000000026352EF8
[LOG] SystemI::createSoundInternal             : exinfo->initialseekpostype = 1
[LOG] SystemI::createSoundInternal             : Format has 1 subsounds.
[LOG] SystemI::createSoundInternal             : Create as FMOD_CREATESAMPLE
[LOG] SystemI::createSoundInternal             : Multi-sample sound (1 subsounds), create a sample container.
[LOG] SystemI::createSoundInternal             : creating subsound 0/1
[LOG] SystemI::createSample                    : mode 02000202 length 48000 samples, lengthbytes 8224
[LOG] SystemI::createSample                    : channels = 2
[LOG] SystemI::createSample                    : output = 0000000026272C78
[LOG] OutputSoftware::createSample             : lengthpcm 48000, lengthbytes 8224, channels 2, format 2, freq 48000, mode 0200020a
[LOG] SystemI::createSoundInternal             : No name found in file, use filename.
[LOG] SystemI::createSoundInternal             : done.  OpenState now = FMOD_OPENSTATE_READY.

[LOG] SystemI::createSoundInternal             : filename =  : mode 02000202
[LOG] SystemI::createSoundInternal             : exinfo->cbsize             = 232
[LOG] SystemI::createSoundInternal             : exinfo->length             = 2417600
[LOG] SystemI::createSoundInternal             : exinfo->fileoffset         = 27776
[LOG] SystemI::createSoundInternal             : exinfo->numsubsounds       = 1
[LOG] SystemI::createSoundInternal             : exinfo->inclusionlist      = 000000004BD8FB38
[LOG] SystemI::createSoundInternal             : exinfo->inclusionlistnum   = 1
[LOG] SystemI::createSoundInternal             : exinfo->suggestedsoundtype = 5
[LOG] SystemI::createSoundInternal             : exinfo->useropen           = 000007FEDB284C00
[LOG] SystemI::createSoundInternal             : exinfo->userclose          = 000007FEDB284BD0
[LOG] SystemI::createSoundInternal             : exinfo->userread           = 000007FEDB284CD0
[LOG] SystemI::createSoundInternal             : exinfo->userseek           = 000007FEDB284D80
[LOG] SystemI::createSoundInternal             : exinfo->fileuserdata       = 0000000026352EF8
[LOG] SystemI::createSoundInternal             : exinfo->initialseekpostype = 1
[LOG] SystemI::createSoundInternal             : Format has 1 subsounds.
[LOG] SystemI::createSoundInternal             : Create as FMOD_CREATESAMPLE
[LOG] SystemI::createSoundInternal             : Multi-sample sound (1 subsounds), create a sample container.
[LOG] SystemI::createSoundInternal             : creating subsound 0/1
[LOG] SystemI::createSample                    : mode 02000202 length 24000 samples, lengthbytes 6432
[LOG] SystemI::createSample                    : channels = 2
[LOG] SystemI::createSample                    : output = 0000000026272C78
[LOG] OutputSoftware::createSample             : lengthpcm 24000, lengthbytes 6432, channels 2, format 2, freq 48000, mode 0200020a
[LOG] SystemI::createSoundInternal             : No name found in file, use filename.
[LOG] SystemI::createSoundInternal             : done.  OpenState now = FMOD_OPENSTATE_READY.

[LOG] SystemI::createSoundInternal             : filename =  : mode 02000202
[LOG] SystemI::createSoundInternal             : exinfo->cbsize             = 232
[LOG] SystemI::createSoundInternal             : exinfo->length             = 2417600
[LOG] SystemI::createSoundInternal             : exinfo->fileoffset         = 27776
[LOG] SystemI::createSoundInternal             : exinfo->numsubsounds       = 1
[LOG] SystemI::createSoundInternal             : exinfo->inclusionlist      = 000000004BD8FB38
[LOG] SystemI::createSoundInternal             : exinfo->inclusionlistnum   = 1
[LOG] SystemI::createSoundInternal             : exinfo->suggestedsoundtype = 5
[LOG] SystemI::createSoundInternal             : exinfo->useropen           = 000007FEDB284C00
[LOG] SystemI::createSoundInternal             : exinfo->userclose          = 000007FEDB284BD0
[LOG] SystemI::createSoundInternal             : exinfo->userread           = 000007FEDB284CD0
[LOG] SystemI::createSoundInternal             : exinfo->userseek           = 000007FEDB284D80
[LOG] SystemI::createSoundInternal             : exinfo->fileuserdata       = 0000000026352EF8
[LOG] SystemI::createSoundInternal             : exinfo->initialseekpostype = 1
[LOG] SystemI::createSoundInternal             : Format has 1 subsounds.
[LOG] SystemI::createSoundInternal             : Create as FMOD_CREATESAMPLE
[LOG] SystemI::createSoundInternal             : Multi-sample sound (1 subsounds), create a sample container.
[LOG] SystemI::createSoundInternal             : creating subsound 0/1
[LOG] SystemI::createSample                    : mode 02000202 length 48000 samples, lengthbytes 8672
[LOG] SystemI::createSample                    : channels = 2
[LOG] SystemI::createSample                    : output = 0000000026272C78
[LOG] OutputSoftware::createSample             : lengthpcm 48000, lengthbytes 8672, channels 2, format 2, freq 48000, mode 0200020a
[LOG] SystemI::createSoundInternal             : No name found in file, use filename.
[LOG] SystemI::createSoundInternal             : done.  OpenState now = FMOD_OPENSTATE_READY.

[LOG] AsyncThread::threadFunc                  : Starting Asynchronous operation on sound 00000000261362D8
[LOG] SystemI::createSoundInternal             :     filename = Assets\Sons_FMOD\Projet_S2_FMOD\Build\Desktop/Master Bank.bank : mode 02010082
[LOG] SystemI::createSoundInternal             :     exinfo->cbsize             = 232
[LOG] SystemI::createSoundInternal             :     exinfo->length             = 2417600
[LOG] SystemI::createSoundInternal             :     exinfo->fileoffset         = 27776
[LOG] SystemI::createSoundInternal             :     exinfo->numsubsounds       = 1
[LOG] SystemI::createSoundInternal             :     exinfo->inclusionlist      = 000000002612D3B8
[LOG] SystemI::createSoundInternal             :     exinfo->inclusionlistnum   = 1
[LOG] SystemI::createSoundInternal             :     exinfo->suggestedsoundtype = 5
[LOG] SystemI::createSoundInternal             :     exinfo->initialseekpostype = 1
[LOG] SystemI::createSoundInternal             :     Format has 1 subsounds.
[LOG] SystemI::createSoundInternal             :     Create as FMOD_CREATESTREAM
[LOG] System::createSoundInternal              :     decode buffersize = 19200 : blocksize = 256 : format = 2
[LOG] SystemI::createSample                    :     mode 02010082 length 19200 samples, lengthbytes 430688
[LOG] SystemI::createSample                    :     channels = 2
[LOG] SystemI::createSample                    :     output = 0000000026272C78
[LOG] OutputSoftware::createSample             :     lengthpcm 19200, lengthbytes 430688, channels 2, format 2, freq 48000, mode 0201008a
[LOG] System::createSoundInternal              :     1 subsounds detected.
[LOG] System::createSoundInternal              :     Seek stream to start
[LOG] System::createSoundInternal              :     flush stream buffer
[LOG] System::createSoundInternal              :     flush successful.
[LOG] System::createSoundInternal              :     switch file handle from small blocking single buffered to large nonblocking doublebuffered.
[LOG] Thread::initThread                       :         Initializing FMOD file thread.  priority 1
[LOG] Thread::initThread                       :         - Stacksize 16384.  Stack pointer 0000000000000000 : usesemaphore = 0 : sleeptime = 10
[LOG] Thread::callback                         :         * FMOD file thread started
[LOG] SystemI::createSoundInternal             :     done.  OpenState now = FMOD_OPENSTATE_READY.

[LOG] AsyncThread::threadFunc                  : Finished Asynchronous operation on sound 00000000261362D8
[LOG] AsyncThread::threadFunc                  : Starting Asynchronous operation on sound 0000000026136138
[LOG] SystemI::createSoundInternal             :     filename = Assets\Sons_FMOD\Projet_S2_FMOD\Build\Desktop/Master Bank.bank : mode 02010082
[LOG] SystemI::createSoundInternal             :     exinfo->cbsize             = 232
[LOG] SystemI::createSoundInternal             :     exinfo->length             = 2417600
[LOG] SystemI::createSoundInternal             :     exinfo->fileoffset         = 27776
[LOG] SystemI::createSoundInternal             :     exinfo->numsubsounds       = 1
[LOG] SystemI::createSoundInternal             :     exinfo->inclusionlist      = 000000002612D508
[LOG] SystemI::createSoundInternal             :     exinfo->inclusionlistnum   = 1
[LOG] SystemI::createSoundInternal             :     exinfo->suggestedsoundtype = 5
[LOG] SystemI::createSoundInternal             :     exinfo->initialseekpostype = 1
[LOG] SystemI::createSoundInternal             :     Format has 1 subsounds.
[LOG] SystemI::createSoundInternal             :     Create as FMOD_CREATESTREAM
[LOG] System::createSoundInternal              :     decode buffersize = 19200 : blocksize = 256 : format = 2
[LOG] SystemI::createSample                    :     mode 02010082 length 19200 samples, lengthbytes 974528
[LOG] SystemI::createSample                    :     channels = 2
[LOG] SystemI::createSample                    :     output = 0000000026272C78
[LOG] OutputSoftware::createSample             :     lengthpcm 19200, lengthbytes 974528, channels 2, format 2, freq 48000, mode 0201008a
[LOG] System::createSoundInternal              :     1 subsounds detected.
[LOG] System::createSoundInternal              :     Seek stream to start
[LOG] System::createSoundInternal              :     flush stream buffer
[LOG] System::createSoundInternal              :     flush successful.
[LOG] System::createSoundInternal              :     switch file handle from small blocking single buffered to large nonblocking doublebuffered.
[LOG] SystemI::createSoundInternal             :     done.  OpenState now = FMOD_OPENSTATE_READY.

[LOG] AsyncThread::threadFunc                  : Finished Asynchronous operation on sound 0000000026136138
[LOG] AsyncThread::threadFunc                  : Starting Asynchronous operation on sound 00000000261367B8
[LOG] SystemI::createSoundInternal             :     filename = Assets\Sons_FMOD\Projet_S2_FMOD\Build\Desktop/Master Bank.bank : mode 02010082
[LOG] SystemI::createSoundInternal             :     exinfo->cbsize             = 232
[LOG] SystemI::createSoundInternal             :     exinfo->length             = 2417600
[LOG] SystemI::createSoundInternal             :     exinfo->fileoffset         = 27776
[LOG] SystemI::createSoundInternal             :     exinfo->numsubsounds       = 1
[LOG] SystemI::createSoundInternal             :     exinfo->inclusionlist      = 000000002612D658
[LOG] SystemI::createSoundInternal             :     exinfo->inclusionlistnum   = 1
[LOG] SystemI::createSoundInternal             :     exinfo->suggestedsoundtype = 5
[LOG] SystemI::createSoundInternal             :     exinfo->initialseekpostype = 1
[LOG] SystemI::createSoundInternal             :     Format has 1 subsounds.
[LOG] SystemI::createSoundInternal             :     Create as FMOD_CREATESTREAM
[LOG] System::createSoundInternal              :     decode buffersize = 19200 : blocksize = 256 : format = 2
[LOG] SystemI::createSample                    :     mode 02010082 length 19200 samples, lengthbytes 741696
[LOG] SystemI::createSample                    :     channels = 2
[LOG] SystemI::createSample                    :     output = 0000000026272C78
[LOG] OutputSoftware::createSample             :     lengthpcm 19200, lengthbytes 741696, channels 2, format 2, freq 48000, mode 0201008a
[LOG] System::createSoundInternal              :     1 subsounds detected.
[LOG] System::createSoundInternal              :     Seek stream to start
[LOG] System::createSoundInternal              :     flush stream buffer
[LOG] System::createSoundInternal              :     flush successful.
[LOG] System::createSoundInternal              :     switch file handle from small blocking single buffered to large nonblocking doublebuffered.
[LOG] SystemI::createSoundInternal             :     done.  OpenState now = FMOD_OPENSTATE_READY.

[LOG] AsyncThread::threadFunc                  : Finished Asynchronous operation on sound 00000000261367B8
[LOG] SoundI::getSubSound                      : sound 00000000261362D8.  Subsound index 0 / 1
[LOG] SoundI::getSubSound                      : starting non blocking seek and setting sound to not ready state
[LOG] AsyncThread::threadFunc                  : Starting Asynchronous operation on sound 0000000026136958
[LOG] AsyncThread::threadFunc                  :     done setposition
[LOG] AsyncThread::threadFunc                  :     done flush
[LOG] AsyncThread::threadFunc                  : Finished Asynchronous operation on sound 0000000026136958
[LOG] SoundI::getSubSound                      : finished preparing nonblocking getSubSound seek
[LOG] SoundI::getSubSound                      : sound 0000000026136138.  Subsound index 0 / 1
[LOG] SoundI::getSubSound                      : sound 00000000261367B8.  Subsound index 0 / 1
[LOG] SoundI::getSubSound                      : starting non blocking seek and setting sound to not ready state
[LOG] AsyncThread::threadFunc                  : Starting Asynchronous operation on sound 0000000026136C98
[LOG] AsyncThread::threadFunc                  :     done setposition
[LOG] AsyncThread::threadFunc                  :     done flush
[LOG] AsyncThread::threadFunc                  : Finished Asynchronous operation on sound 0000000026136C98
[LOG] SoundI::getSubSound                      : finished preparing nonblocking getSubSound seek
[LOG] SoundI::release                          : Ambiance_02 (00000000261367B8)
[LOG] SoundI::release                          : remove stream samples. (00000000261367B8)
[LOG] SoundI::release                          :     Ambiance_02 (000000002624B968)
[LOG] SoundI::release                          : release subsounds. (00000000261367B8)
[LOG] SoundI::release                          :     Ambiance_02 (0000000026136C98)
[LOG] SoundI::release                          : release codec. (00000000261367B8)
[LOG] SoundI::release                          : Gusty Wind 02 (0000000026136138)
[LOG] SoundI::release                          : remove stream samples. (0000000026136138)
[LOG] SoundI::release                          :     Gusty Wind 02 (000000002635B2B8)
[LOG] SoundI::release                          : release subsounds. (0000000026136138)
[LOG] SoundI::release                          :     Gusty Wind 02 (0000000026136E38)
[LOG] SoundI::release                          : release codec. (0000000026136138)
[LOG] SoundI::release                          : Ambiance_piano (00000000261362D8)
[LOG] SoundI::release                          : remove stream samples. (00000000261362D8)
[LOG] SoundI::release                          :     Ambiance_piano (000000000F7E1258)
[LOG] SoundI::release                          : release subsounds. (00000000261362D8)
[LOG] SoundI::release                          :     Ambiance_piano (0000000026136958)
[LOG] SoundI::release                          : release codec. (00000000261362D8)
[LOG] SoundI::release                          :  (00000000260E2008)
[LOG] SoundI::release                          : release subsounds. (00000000260E2008)
[LOG] SoundI::release                          :     Catch (0000000026375678)
[LOG] SoundI::release                          : release codec. (00000000260E2008)
[LOG] SoundI::release                          :  (000000002629A398)
[LOG] SoundI::release                          : release subsounds. (000000002629A398)
[LOG] SoundI::release                          :     Fall-004 (000000002627F7A8)
[LOG] SoundI::release                          : release codec. (000000002629A398)
[LOG] SoundI::release                          :  (000000002629ADA8)
[LOG] SoundI::release                          : release subsounds. (000000002629ADA8)
[LOG] SoundI::release                          :     Fall-005 (000000001976EB78)
[LOG] SoundI::release                          : release codec. (000000002629ADA8)
[LOG] SoundI::release                          :  (00000000260E1BB8)
[LOG] SoundI::release                          : release subsounds. (00000000260E1BB8)
[LOG] SoundI::release                          :     Fall-006 (0000000026351A38)
[LOG] SoundI::release                          : release codec. (00000000260E1BB8)
[LOG] SoundI::release                          :  (00000000263C28C8)
[LOG] SoundI::release                          : release subsounds. (00000000263C28C8)
[LOG] SoundI::release                          :     Fall-001 (0000000026358928)
[LOG] SoundI::release                          : release codec. (00000000263C28C8)
[LOG] SoundI::release                          :  (000000002629A7E8)
[LOG] SoundI::release                          : release subsounds. (000000002629A7E8)
[LOG] SoundI::release                          :     Fall-002 (00000000262A7558)
[LOG] SoundI::release                          : release codec. (000000002629A7E8)
[LOG] SoundI::release                          :  (00000000260E1E98)
[LOG] SoundI::release                          : release subsounds. (00000000260E1E98)
[LOG] SoundI::release                          :     Fall-003 (0000000026375E48)
[LOG] SoundI::release                          : release codec. (00000000260E1E98)
[LOG] SoundI::release                          :  (00000000263C35B8)
[LOG] SoundI::release                          : release subsounds. (00000000263C35B8)
[LOG] SoundI::release                          :     untitled-001 (0000000026351588)
[LOG] SoundI::release                          : release codec. (00000000263C35B8)
[LOG] SoundI::release                          :  (00000000260E1488)
[LOG] SoundI::release                          : release subsounds. (00000000260E1488)
[LOG] SoundI::release                          :     untitled-003 (0000000026351268)
[LOG] SoundI::release                          : release codec. (00000000260E1488)
[LOG] SoundI::release                          :  (000000002612D938)
[LOG] SoundI::release                          : release subsounds. (000000002612D938)
[LOG] SoundI::release                          :     untitled-004 (000000000F7E10C8)
[LOG] SoundI::release                          : release codec. (000000002612D938)
[LOG] SoundI::release                          :  (000000002629AC38)
[LOG] SoundI::release                          : release subsounds. (000000002629AC38)
[LOG] SoundI::release                          :     untitled-006 (000000001976ED08)
[LOG] SoundI::release                          : release codec. (000000002629AC38)
[LOG] SoundI::release                          :  (00000000263C2FF8)
[LOG] SoundI::release                          : release subsounds. (00000000263C2FF8)
[LOG] SoundI::release                          :     untitled-007 (0000000026358AB8)
[LOG] SoundI::release                          : release codec. (00000000263C2FF8)
[LOG] SoundI::release                          :  (00000000263C32D8)
[LOG] SoundI::release                          : release subsounds. (00000000263C32D8)
[LOG] SoundI::release                          :     untitled-009 (0000000026358F68)
[LOG] SoundI::release                          : release codec. (00000000263C32D8)
[LOG] SoundI::release                          :  (000000002629A508)
[LOG] SoundI::release                          : release subsounds. (000000002629A508)
[LOG] SoundI::release                          :     Throw (000000002627F488)
[LOG] SoundI::release                          : release codec. (000000002629A508)
[LOG] SoundI::release                          :  (00000000260E1D28)
[LOG] SoundI::release                          : release subsounds. (00000000260E1D28)
[LOG] SoundI::release                          :     Jump-003 (0000000026375CB8)
[LOG] SoundI::release                          : release codec. (00000000260E1D28)
[LOG] SoundI::release                          :  (00000000260E2178)
[LOG] SoundI::release                          : release subsounds. (00000000260E2178)
[LOG] SoundI::release                          :     Jump-004 (0000000026375B28)
[LOG] SoundI::release                          : release codec. (00000000260E2178)
[LOG] SoundI::release                          :  (00000000260E15F8)
[LOG] SoundI::release                          : release subsounds. (00000000260E15F8)
[LOG] SoundI::release                          :     Jump-005 (00000000263510D8)
[LOG] SoundI::release                          : release codec. (00000000260E15F8)
[LOG] SoundI::release                          :  (00000000263C3448)
[LOG] SoundI::release                          : release subsounds. (00000000263C3448)
[LOG] SoundI::release                          :     Jump-001 (0000000026358DD8)
[LOG] SoundI::release                          : release codec. (00000000263C3448)
[LOG] SoundI::release                          :  (00000000260E18D8)
[LOG] SoundI::release                          : release subsounds. (00000000260E18D8)
[LOG] SoundI::release                          :     Jump-002 (0000000026350DB8)
[LOG] SoundI::release                          : release codec. (00000000260E18D8)
[LOG] SoundI::release                          :  (000000002629A958)
[LOG] SoundI::release                          : release subsounds. (000000002629A958)
[LOG] SoundI::release                          :     Mega Body Punch 01 (00000000262A70A8)
[LOG] SoundI::release                          : release codec. (000000002629A958)
[LOG] SoundI::release                          :  (00000000263C2D18)
[LOG] SoundI::release                          : release subsounds. (00000000263C2D18)
[LOG] SoundI::release                          :     Mega Body Punch 02 (0000000026358C48)
[LOG] SoundI::release                          : release codec. (00000000263C2D18)
[LOG] SoundI::release                          :  (00000000263C3168)
[LOG] SoundI::release                          : release subsounds. (00000000263C3168)
[LOG] SoundI::release                          :     Mega Body Punch 03 (0000000026359418)
[LOG] SoundI::release                          : release codec. (00000000263C3168)
[LOG] SoundI::release                          :  (000000002629A0B8)
[LOG] SoundI::release                          : release subsounds. (000000002629A0B8)
[LOG] SoundI::release                          :     Mega Body Punch 04 (0000000026375808)
[LOG] SoundI::release                          : release codec. (000000002629A0B8)
[LOG] SoundI::release                          :  (000000002629A228)
[LOG] SoundI::release                          : release subsounds. (000000002629A228)
[LOG] SoundI::release                          :     Mega Body Punch 05 (000000002627F168)
[LOG] SoundI::release                          : release codec. (000000002629A228)
[LOG] SoundI::release                          :  (00000000260E1A48)
[LOG] SoundI::release                          : release subsounds. (00000000260E1A48)
[LOG] SoundI::release                          :     Mega Body Punch 06 (0000000026350C28)
[LOG] SoundI::release                          : release codec. (00000000260E1A48)
[LOG] SoundI::release                          :  (00000000263C2E88)
[LOG] SoundI::release                          : release subsounds. (00000000263C2E88)
[LOG] SoundI::release                          :     Mega Body Punch 07 (00000000263590F8)
[LOG] SoundI::release                          : release codec. (00000000263C2E88)
[LOG] SoundI::release                          :  (000000002629A678)
[LOG] SoundI::release                          : release subsounds. (000000002629A678)
[LOG] SoundI::release                          :     Mega Body Punch 08 (000000002627ECB8)
[LOG] SoundI::release                          : release codec. (000000002629A678)
[LOG] SoundI::release                          :  (000000002629AAC8)
[LOG] SoundI::release                          : release subsounds. (000000002629AAC8)
[LOG] SoundI::release                          :     Mega Body Punch 09 (00000000262A6F18)
[LOG] SoundI::release                          : release codec. (000000002629AAC8)
[LOG] SoundI::release                          :  (00000000260E1768)
[LOG] SoundI::release                          : release subsounds. (00000000260E1768)
[LOG] SoundI::release                          :     Mega Body Punch 10 (0000000026350F48)
[LOG] SoundI::release                          : release codec. (00000000260E1768)
[LOG] Thread::callback                         : * FMOD Studio update thread finished
[LOG] Thread::close                            : FMOD Studio update thread thread destroyed
[LOG] Thread::callback                         : * FMOD Studio bank load thread finished
[LOG] Thread::close                            : FMOD Studio bank load thread thread destroyed
[LOG] Profile::disconnectAll                   : Profiler disconnecting all clients
[LOG] Thread::callback                         : * FMOD Studio sample load thread finished
[LOG] Thread::close                            : FMOD Studio sample load thread thread destroyed
[LOG] LiveUpdate::release                      : 
[LOG] LiveUpdate::reset                        : Reset connection (reason Disconnected)
[LOG] SystemI::close                           : 
[LOG] SystemI::close                           : Stop all sounds
[LOG] Thread::callback                         : * FMOD stream thread finished
[LOG] Thread::close                            : FMOD stream thread thread destroyed
[LOG] SystemI::close                           : Stream thread destroyed
[LOG] Thread::callback                         : * FMOD mixer thread finished
[LOG] Thread::close                            : FMOD mixer thread thread destroyed
[LOG] SystemI::close                           : Free master channel group.
[LOG] SystemI::close                           : Remove 'master' sound group.
[LOG] SystemI::close                           : Free software output.
[LOG] SystemI::close                           : Free emulated output.
[LOG] SystemI::close                           : Free channel pool.
[LOG] Thread::callback                         : * FMOD nonblocking thread (0) finished
[LOG] Thread::close                            : FMOD nonblocking thread (0) thread destroyed
[LOG] Thread::callback                         : * FMOD file thread finished
[LOG] Thread::close                            : FMOD file thread thread destroyed
[LOG] SystemI::close                           : done.

